<?xml version="1.0" encoding="UTF-8"?>
<testsuites>
  <testsuite name="performing_a_login1" timestamp="2019-07-03T18:54:14" time="11.275" tests="0" failures="0" errors="0" skipped="0">
    <properties>
      <property name="specId" value="8b3e49d05e67f9c30871b4473f0d48b7"/>
      <property name="suiteName" value="Performing a login1"/>
      <property name="capabilities" value="firefox"/>
    </properties>
  </testsuite>
  <testsuite name="performing_login_operation_with_passing_test_data_as_data_table17" timestamp="2019-07-03T18:54:14" time="11.265" tests="3" failures="0" errors="1" skipped="1">
    <properties>
      <property name="specId" value="8b3e49d05e67f9c30871b4473f0d48b7"/>
      <property name="suiteName" value="Performing login operation with passing test data as data table17"/>
      <property name="capabilities" value="firefox"/>
    </properties>
    <testcase classname="firefox.Performing login operation with passing test data as data table17" name="I am on the phptravels page9" time="11.966"/>
    <testcase classname="firefox.Performing login operation with passing test data as data table17" name="I login with username and password &quot;user@phptravels.com&quot; &quot;demouser&quot; into the text box12" time="5.865">
      <error message="&#xA;element (&quot;//*[@class=&quot;foot-brand center-block img-responsive&quot;]&quot;) still not visible after 5000ms&#xA;"/>
      <system-err>
        <![CDATA[
Error: element ("//*[@class="foot-brand center-block img-responsive"]") still not visible after 5000ms
    at elements("//*[@class="foot-brand center-block img-responsive"]") - D:\NodeJsWorkspace\webdriverIO-with-cucumberBDD\node_modules\webdriverio\build\lib\commands\isVisible.js:54:17
    at isVisible("//*[@class="foot-brand center-block img-responsive"]") - D:\NodeJsWorkspace\webdriverIO-with-cucumberBDD\node_modules\webdriverio\build\lib\commands\waitForVisible.js:73:22
]]>
      </system-err>
    </testcase>
    <testcase classname="firefox.Performing login operation with passing test data as data table17" name="I should see the message &quot;Hi, Johny Smith&quot; on my account page13" time="0">
      <skipped/>
    </testcase>
  </testsuite>
</testsuites>